<?xml version="1.0" encoding="UTF-8"?>
<!-- Generated by org.testng.reporters.JUnitXMLReporter -->
<testsuite hostname="PRFT-16789" name="Default test" tests="3" failures="0" timestamp="28 Jan 2022 17:02:40 GMT" time="28.858" errors="0">
  <testcase name="gtsearch" time="8.991" classname="xbox.testcases.XboxVerify"/>
  <testcase name="open" time="3.538" classname="xbox.testcases.XboxVerify"/>
  <testcase name="top5gt" time="3.514" classname="xbox.testcases.XboxVerify"/>
</testsuite> <!-- Default test -->
