-------------------------------------------------------------------------------
Test set: TestSuite
-------------------------------------------------------------------------------
Tests run: 2, Failures: 1, Errors: 0, Skipped: 0, Time elapsed: 20.991 sec <<< FAILURE! - in TestSuite
gtsearch(xbox.testcases.XboxVerify)  Time elapsed: 7.934 sec  <<< FAILURE!
java.lang.AssertionError: expected [DARK SOULS\u2122 II] but found [DARK SOULS™ II]
	at xbox.testcases.XboxVerify.gtsearch(XboxVerify.java:89)

