<?xml version="1.0" encoding="UTF-8"?>
<testng-results skipped="0" failed="1" total="2" passed="1">
  <reporter-output>
  </reporter-output>
  <suite name="Search Test Suite" duration-ms="25052" started-at="2022-01-28T21:26:45Z" finished-at="2022-01-28T21:27:10Z">
    <groups>
      <group name="ChromeWin32">
        <method signature="XboxVerify.gtsearch()[pri:0, instance:xbox.testcases.XboxVerify@61dc03ce]" name="gtsearch" class="xbox.testcases.XboxVerify"/>
        <method signature="XboxVerify.top5gt()[pri:0, instance:xbox.testcases.XboxVerify@61dc03ce]" name="top5gt" class="xbox.testcases.XboxVerify"/>
      </group> <!-- ChromeWin32 -->
      <group name="IEWin32">
        <method signature="XboxVerify.gtsearch()[pri:0, instance:xbox.testcases.XboxVerify@61dc03ce]" name="gtsearch" class="xbox.testcases.XboxVerify"/>
        <method signature="XboxVerify.top5gt()[pri:0, instance:xbox.testcases.XboxVerify@61dc03ce]" name="top5gt" class="xbox.testcases.XboxVerify"/>
      </group> <!-- IEWin32 -->
    </groups>
    <test name="translate test - GoogleChrome" duration-ms="25052" started-at="2022-01-28T21:26:45Z" finished-at="2022-01-28T21:27:10Z">
      <class name="xbox.testcases.XboxVerify">
        <test-method status="PASS" signature="setUpBrowser(java.lang.String, java.lang.String, java.lang.String, java.lang.String)[pri:0, instance:xbox.testcases.XboxVerify@61dc03ce]" name="setUpBrowser" is-config="true" duration-ms="1755" started-at="2022-01-28T15:26:45Z" finished-at="2022-01-28T15:26:46Z">
          <params>
            <param index="0">
              <value>
                <![CDATA[chrome]]>
              </value>
            </param>
            <param index="1">
              <value>
                <![CDATA[false]]>
              </value>
            </param>
            <param index="2">
              <value>
                <![CDATA[localhost]]>
              </value>
            </param>
            <param index="3">
              <value>
                <![CDATA[4458]]>
              </value>
            </param>
          </params>
          <reporter-output>
          </reporter-output>
        </test-method> <!-- setUpBrowser -->
        <test-method status="FAIL" signature="gtsearch()[pri:0, instance:xbox.testcases.XboxVerify@61dc03ce]" name="gtsearch" duration-ms="9695" started-at="2022-01-28T15:26:46Z" finished-at="2022-01-28T15:26:56Z">
          <exception class="java.lang.AssertionError">
            <message>
              <![CDATA[The following asserts failed:
null]]>
            </message>
            <full-stacktrace>
              <![CDATA[java.lang.AssertionError: The following asserts failed:
null
	at org.testng.asserts.SoftAssert.assertAll(SoftAssert.java:38)
	at xbox.testcases.XboxVerify.gtsearch(XboxVerify.java:92)
	at sun.reflect.NativeMethodAccessorImpl.invoke0(Native Method)
	at sun.reflect.NativeMethodAccessorImpl.invoke(NativeMethodAccessorImpl.java:62)
	at sun.reflect.DelegatingMethodAccessorImpl.invoke(DelegatingMethodAccessorImpl.java:43)
	at java.lang.reflect.Method.invoke(Method.java:498)
	at org.testng.internal.MethodInvocationHelper.invokeMethod(MethodInvocationHelper.java:84)
	at org.testng.internal.Invoker.invokeMethod(Invoker.java:714)
	at org.testng.internal.Invoker.invokeTestMethod(Invoker.java:901)
	at org.testng.internal.Invoker.invokeTestMethods(Invoker.java:1231)
	at org.testng.internal.TestMethodWorker.invokeTestMethods(TestMethodWorker.java:127)
	at org.testng.internal.TestMethodWorker.run(TestMethodWorker.java:111)
	at org.testng.TestRunner.privateRun(TestRunner.java:767)
	at org.testng.TestRunner.run(TestRunner.java:617)
	at org.testng.SuiteRunner.runTest(SuiteRunner.java:348)
	at org.testng.SuiteRunner.runSequentially(SuiteRunner.java:343)
	at org.testng.SuiteRunner.privateRun(SuiteRunner.java:305)
	at org.testng.SuiteRunner.run(SuiteRunner.java:254)
	at org.testng.SuiteRunnerWorker.runSuite(SuiteRunnerWorker.java:52)
	at org.testng.SuiteRunnerWorker.run(SuiteRunnerWorker.java:86)
	at org.testng.TestNG.runSuitesSequentially(TestNG.java:1224)
	at org.testng.TestNG.runSuitesLocally(TestNG.java:1149)
	at org.testng.TestNG.run(TestNG.java:1057)
	at org.apache.maven.surefire.testng.TestNGExecutor.run(TestNGExecutor.java:281)
	at org.apache.maven.surefire.testng.TestNGXmlTestSuite.execute(TestNGXmlTestSuite.java:75)
	at org.apache.maven.surefire.testng.TestNGProvider.invoke(TestNGProvider.java:121)
	at org.apache.maven.surefire.booter.ForkedBooter.invokeProviderInSameClassLoader(ForkedBooter.java:290)
	at org.apache.maven.surefire.booter.ForkedBooter.runSuitesInProcess(ForkedBooter.java:242)
	at org.apache.maven.surefire.booter.ForkedBooter.main(ForkedBooter.java:121)
]]>
            </full-stacktrace>
          </exception> <!-- java.lang.AssertionError -->
          <reporter-output>
          </reporter-output>
        </test-method> <!-- gtsearch -->
        <test-method status="PASS" signature="tearDown()[pri:0, instance:xbox.testcases.XboxVerify@61dc03ce]" name="tearDown" is-config="true" duration-ms="3009" started-at="2022-01-28T15:26:56Z" finished-at="2022-01-28T15:26:59Z">
          <reporter-output>
          </reporter-output>
        </test-method> <!-- tearDown -->
        <test-method status="PASS" signature="setUpBrowser(java.lang.String, java.lang.String, java.lang.String, java.lang.String)[pri:0, instance:xbox.testcases.XboxVerify@61dc03ce]" name="setUpBrowser" is-config="true" duration-ms="1261" started-at="2022-01-28T15:26:59Z" finished-at="2022-01-28T15:27:00Z">
          <params>
            <param index="0">
              <value>
                <![CDATA[chrome]]>
              </value>
            </param>
            <param index="1">
              <value>
                <![CDATA[false]]>
              </value>
            </param>
            <param index="2">
              <value>
                <![CDATA[localhost]]>
              </value>
            </param>
            <param index="3">
              <value>
                <![CDATA[4458]]>
              </value>
            </param>
          </params>
          <reporter-output>
          </reporter-output>
        </test-method> <!-- setUpBrowser -->
        <test-method status="PASS" signature="top5gt()[pri:0, instance:xbox.testcases.XboxVerify@61dc03ce]" name="top5gt" duration-ms="6429" started-at="2022-01-28T15:27:00Z" finished-at="2022-01-28T15:27:07Z">
          <reporter-output>
          </reporter-output>
        </test-method> <!-- top5gt -->
        <test-method status="PASS" signature="tearDown()[pri:0, instance:xbox.testcases.XboxVerify@61dc03ce]" name="tearDown" is-config="true" duration-ms="2891" started-at="2022-01-28T15:27:07Z" finished-at="2022-01-28T15:27:10Z">
          <reporter-output>
          </reporter-output>
        </test-method> <!-- tearDown -->
      </class> <!-- xbox.testcases.XboxVerify -->
    </test> <!-- translate test - GoogleChrome -->
  </suite> <!-- Search Test Suite -->
</testng-results>
