<?xml version="1.0" encoding="UTF-8"?>
<!-- Generated by org.testng.reporters.JUnitXMLReporter -->
<testsuite hostname="PRFT-16789" name="translate test - GoogleChrome" tests="2" failures="1" timestamp="28 Jan 2022 17:48:01 GMT" time="23.204" errors="0">
  <testcase name="gtsearch" time="10.826" classname="xbox.testcases.XboxVerify">
    <failure type="java.lang.AssertionError" message="expected [DARK SOULSâ„¢ II] but found [DARK SOULS™ II]">
      <![CDATA[java.lang.AssertionError: expected [DARK SOULSâ„¢ II] but found [DARK SOULS™ II]
	at xbox.testcases.XboxVerify.gtsearch(XboxVerify.java:84)
... Removed 32 stack frames]]>
    </failure>
  </testcase> <!-- gtsearch -->
  <testcase name="top5gt" time="3.595" classname="xbox.testcases.XboxVerify"/>
</testsuite> <!-- translate test - GoogleChrome -->
