<?xml version="1.0" encoding="UTF-8"?>
<testng-results skipped="0" failed="1" total="2" passed="1">
  <reporter-output>
  </reporter-output>
  <suite name="Default suite" duration-ms="22751" started-at="2022-01-28T21:25:02Z" finished-at="2022-01-28T21:25:24Z">
    <groups>
      <group name="ChromeWin32">
        <method signature="XboxVerify.gtsearch()[pri:0, instance:xbox.testcases.XboxVerify@36c88a32]" name="gtsearch" class="xbox.testcases.XboxVerify"/>
        <method signature="XboxVerify.top5gt()[pri:0, instance:xbox.testcases.XboxVerify@36c88a32]" name="top5gt" class="xbox.testcases.XboxVerify"/>
      </group> <!-- ChromeWin32 -->
      <group name="IEWin32">
        <method signature="XboxVerify.gtsearch()[pri:0, instance:xbox.testcases.XboxVerify@36c88a32]" name="gtsearch" class="xbox.testcases.XboxVerify"/>
        <method signature="XboxVerify.top5gt()[pri:0, instance:xbox.testcases.XboxVerify@36c88a32]" name="top5gt" class="xbox.testcases.XboxVerify"/>
      </group> <!-- IEWin32 -->
    </groups>
    <test name="Default test" duration-ms="22751" started-at="2022-01-28T21:25:02Z" finished-at="2022-01-28T21:25:24Z">
      <class name="xbox.testcases.XboxVerify">
        <test-method status="PASS" signature="setUpBrowser(java.lang.String, java.lang.String, java.lang.String, java.lang.String)[pri:0, instance:xbox.testcases.XboxVerify@36c88a32]" name="setUpBrowser" is-config="true" duration-ms="1528" started-at="2022-01-28T15:25:02Z" finished-at="2022-01-28T15:25:03Z">
          <params>
            <param index="0">
              <value>
                <![CDATA[chrome]]>
              </value>
            </param>
            <param index="1">
              <value>
                <![CDATA[false]]>
              </value>
            </param>
            <param index="2">
              <value>
                <![CDATA[0]]>
              </value>
            </param>
            <param index="3">
              <value>
                <![CDATA[0]]>
              </value>
            </param>
          </params>
          <reporter-output>
          </reporter-output>
        </test-method> <!-- setUpBrowser -->
        <test-method status="FAIL" signature="gtsearch()[pri:0, instance:xbox.testcases.XboxVerify@36c88a32]" name="gtsearch" duration-ms="10015" started-at="2022-01-28T15:25:03Z" finished-at="2022-01-28T15:25:13Z">
          <exception class="java.lang.AssertionError">
            <message>
              <![CDATA[The following asserts failed:
null]]>
            </message>
            <full-stacktrace>
              <![CDATA[java.lang.AssertionError: The following asserts failed:
null
	at org.testng.asserts.SoftAssert.assertAll(SoftAssert.java:38)
	at xbox.testcases.XboxVerify.gtsearch(XboxVerify.java:92)
	at sun.reflect.NativeMethodAccessorImpl.invoke0(Native Method)
	at sun.reflect.NativeMethodAccessorImpl.invoke(NativeMethodAccessorImpl.java:62)
	at sun.reflect.DelegatingMethodAccessorImpl.invoke(DelegatingMethodAccessorImpl.java:43)
	at java.lang.reflect.Method.invoke(Method.java:498)
	at org.testng.internal.MethodInvocationHelper.invokeMethod(MethodInvocationHelper.java:84)
	at org.testng.internal.Invoker.invokeMethod(Invoker.java:714)
	at org.testng.internal.Invoker.invokeTestMethod(Invoker.java:901)
	at org.testng.internal.Invoker.invokeTestMethods(Invoker.java:1231)
	at org.testng.internal.TestMethodWorker.invokeTestMethods(TestMethodWorker.java:127)
	at org.testng.internal.TestMethodWorker.run(TestMethodWorker.java:111)
	at org.testng.TestRunner.privateRun(TestRunner.java:767)
	at org.testng.TestRunner.run(TestRunner.java:617)
	at org.testng.SuiteRunner.runTest(SuiteRunner.java:348)
	at org.testng.SuiteRunner.runSequentially(SuiteRunner.java:343)
	at org.testng.SuiteRunner.privateRun(SuiteRunner.java:305)
	at org.testng.SuiteRunner.run(SuiteRunner.java:254)
	at org.testng.SuiteRunnerWorker.runSuite(SuiteRunnerWorker.java:52)
	at org.testng.SuiteRunnerWorker.run(SuiteRunnerWorker.java:86)
	at org.testng.TestNG.runSuitesSequentially(TestNG.java:1224)
	at org.testng.TestNG.runSuitesLocally(TestNG.java:1149)
	at org.testng.TestNG.run(TestNG.java:1057)
	at org.testng.remote.AbstractRemoteTestNG.run(AbstractRemoteTestNG.java:115)
	at org.testng.remote.RemoteTestNG.initAndRun(RemoteTestNG.java:251)
	at org.testng.remote.RemoteTestNG.main(RemoteTestNG.java:77)
]]>
            </full-stacktrace>
          </exception> <!-- java.lang.AssertionError -->
          <reporter-output>
          </reporter-output>
        </test-method> <!-- gtsearch -->
        <test-method status="PASS" signature="tearDown()[pri:0, instance:xbox.testcases.XboxVerify@36c88a32]" name="tearDown" is-config="true" duration-ms="3030" started-at="2022-01-28T15:25:13Z" finished-at="2022-01-28T15:25:16Z">
          <reporter-output>
          </reporter-output>
        </test-method> <!-- tearDown -->
        <test-method status="PASS" signature="setUpBrowser(java.lang.String, java.lang.String, java.lang.String, java.lang.String)[pri:0, instance:xbox.testcases.XboxVerify@36c88a32]" name="setUpBrowser" is-config="true" duration-ms="1296" started-at="2022-01-28T15:25:16Z" finished-at="2022-01-28T15:25:18Z">
          <params>
            <param index="0">
              <value>
                <![CDATA[chrome]]>
              </value>
            </param>
            <param index="1">
              <value>
                <![CDATA[false]]>
              </value>
            </param>
            <param index="2">
              <value>
                <![CDATA[0]]>
              </value>
            </param>
            <param index="3">
              <value>
                <![CDATA[0]]>
              </value>
            </param>
          </params>
          <reporter-output>
          </reporter-output>
        </test-method> <!-- setUpBrowser -->
        <test-method status="PASS" signature="top5gt()[pri:0, instance:xbox.testcases.XboxVerify@36c88a32]" name="top5gt" duration-ms="3965" started-at="2022-01-28T15:25:18Z" finished-at="2022-01-28T15:25:22Z">
          <reporter-output>
          </reporter-output>
        </test-method> <!-- top5gt -->
        <test-method status="PASS" signature="tearDown()[pri:0, instance:xbox.testcases.XboxVerify@36c88a32]" name="tearDown" is-config="true" duration-ms="2906" started-at="2022-01-28T15:25:22Z" finished-at="2022-01-28T15:25:24Z">
          <reporter-output>
          </reporter-output>
        </test-method> <!-- tearDown -->
      </class> <!-- xbox.testcases.XboxVerify -->
    </test> <!-- Default test -->
  </suite> <!-- Default suite -->
</testng-results>
